<?xml version="1.0" encoding="UTF-8"?>
<!-- Generated by org.testng.reporters.JUnitReportReporter -->
<testsuite skipped="0" hostname="Minhs-MBP" name="test.computer.BuyingStandardComputerTest" tests="3" failures="0" timestamp="2022-09-26T21:31:09 ICT" time="85.408" errors="0">
  <testcase name="testStandardComputerBuying" time="19.396" classname="test.computer.BuyingStandardComputerTest"/>
  <system-out/>
  <testcase name="testStandardComputerBuying" time="46.532" classname="test.computer.BuyingStandardComputerTest"/>
  <system-out/>
  <testcase name="testStandardComputerBuying" time="19.480" classname="test.computer.BuyingStandardComputerTest"/>
  <system-out/>
</testsuite> <!-- test.computer.BuyingStandardComputerTest -->
