<?xml version="1.0" encoding="UTF-8"?>
<!-- Generated by org.testng.reporters.JUnitReportReporter -->
<testsuite skipped="0" hostname="Minhs-MBP" name="test.computer.BuyingCheapComputerTest" tests="3" failures="0" timestamp="2022-09-26T21:31:09 ICT" time="84.641" errors="0">
  <testcase name="testCheapComputerBuying" time="19.611" classname="test.computer.BuyingCheapComputerTest"/>
  <system-out/>
  <testcase name="testCheapComputerBuying" time="19.693" classname="test.computer.BuyingCheapComputerTest"/>
  <system-out/>
  <testcase name="testCheapComputerBuying" time="45.337" classname="test.computer.BuyingCheapComputerTest"/>
  <system-out/>
</testsuite> <!-- test.computer.BuyingCheapComputerTest -->
